<?xml version="1.0" encoding="UTF-8"?>
<!-- Generated by org.testng.reporters.JUnitReportReporter -->
<testsuite hostname="DESKTOP-3FEF11Q" failures="0" tests="1" name="com.framework.Package.tests.SimpleTC" time="19.674" errors="0" timestamp="05 Oct 2022 10:44:00 GMT" skipped="0">
  <testcase classname="com.framework.Package.tests.SimpleTC" name="firstTC" time="19.674"/>
</testsuite> <!-- com.framework.Package.tests.SimpleTC -->
